{
"contracts/IMintable.sol":{"l":{},"path":"/home/acer/Desktop/blockchain/nft-projects/krewnime-nft/krewnime-nft-contract/contracts/IMintable.sol","s":{},"b":{},"f":{},"fnMap":{},"statementMap":{},"branchMap":{}},
"contracts/KrewnimeNFT.sol":{"l":{"95":357,"96":357,"97":357,"98":357,"101":357,"102":354,"106":357,"107":357,"110":357,"111":357,"112":357,"120":11,"128":5,"137":4,"138":4,"147":9,"148":9,"157":2,"167":71,"175":9,"176":7,"177":33,"190":15,"193":14,"194":14,"195":14,"196":1,"200":14,"201":14,"202":49,"203":49,"206":14,"216":6,"219":4,"234":20,"249":8,"260":10,"261":10,"262":10,"273":4,"280":2,"281":2,"282":2,"295":7,"296":7,"298":7,"299":6,"310":160,"314":3,"318":15,"322":148,"326":153,"327":151,"329":151,"330":151,"331":148,"332":148},"path":"/home/acer/Desktop/blockchain/nft-projects/krewnime-nft/krewnime-nft-contract/contracts/KrewnimeNFT.sol","s":{"1":357,"2":357,"3":357,"4":357,"5":357,"6":354,"7":357,"8":357,"9":357,"10":357,"11":357,"12":11,"13":5,"14":4,"15":4,"16":9,"17":9,"18":2,"19":71,"20":9,"21":7,"22":33,"23":15,"24":14,"25":14,"26":14,"27":1,"28":14,"29":14,"30":49,"31":14,"32":6,"33":4,"34":20,"35":8,"36":10,"37":10,"38":10,"39":4,"40":2,"41":2,"42":2,"43":7,"44":7,"45":7,"46":6,"47":160,"48":3,"49":15,"50":148,"51":153,"52":151,"53":151,"54":151,"55":148,"56":148},"b":{"1":[357,0],"2":[357,0],"3":[357,0],"4":[357,0],"5":[354,3],"6":[4,0],"7":[9,0],"8":[7,2],"9":[14,1],"10":[1,13],"11":[4,2],"12":[6,1],"13":[151,2],"14":[151,0]},"f":{"1":357,"2":11,"3":5,"4":4,"5":9,"6":2,"7":71,"8":9,"9":15,"10":6,"11":20,"12":8,"13":10,"14":4,"15":2,"16":7,"17":160,"18":3,"19":15,"20":148,"21":153},"fnMap":{"1":{"name":"constructor","line":93,"loc":{"start":{"line":86,"column":4},"end":{"line":113,"column":4}}},"2":{"name":"pause","line":119,"loc":{"start":{"line":119,"column":4},"end":{"line":121,"column":4}}},"3":{"name":"unpause","line":127,"loc":{"start":{"line":127,"column":4},"end":{"line":129,"column":4}}},"4":{"name":"setCollectionSize","line":136,"loc":{"start":{"line":136,"column":4},"end":{"line":139,"column":4}}},"5":{"name":"setMaxSupply","line":146,"loc":{"start":{"line":146,"column":4},"end":{"line":149,"column":4}}},"6":{"name":"setBaseUri","line":156,"loc":{"start":{"line":156,"column":4},"end":{"line":158,"column":4}}},"7":{"name":"mintNext","line":166,"loc":{"start":{"line":166,"column":4},"end":{"line":168,"column":4}}},"8":{"name":"initialMint","line":174,"loc":{"start":{"line":174,"column":4},"end":{"line":179,"column":4}}},"9":{"name":"multiMint","line":189,"loc":{"start":{"line":189,"column":4},"end":{"line":207,"column":4}}},"10":{"name":"burn","line":214,"loc":{"start":{"line":214,"column":4},"end":{"line":220,"column":4}}},"11":{"name":"tokenURI","line":228,"loc":{"start":{"line":228,"column":4},"end":{"line":235,"column":4}}},"12":{"name":"supportsInterface","line":243,"loc":{"start":{"line":243,"column":4},"end":{"line":250,"column":4}}},"13":{"name":"setRoyaltyInfo","line":259,"loc":{"start":{"line":259,"column":4},"end":{"line":263,"column":4}}},"14":{"name":"getRoyaltyInfo","line":272,"loc":{"start":{"line":272,"column":4},"end":{"line":274,"column":4}}},"15":{"name":"clearRoyaltyInfo","line":279,"loc":{"start":{"line":279,"column":4},"end":{"line":283,"column":4}}},"16":{"name":"royaltyInfo","line":294,"loc":{"start":{"line":294,"column":4},"end":{"line":301,"column":4}}},"17":{"name":"_beforeTokenTransfer","line":308,"loc":{"start":{"line":306,"column":4},"end":{"line":311,"column":4}}},"18":{"name":"_burn","line":313,"loc":{"start":{"line":313,"column":4},"end":{"line":315,"column":4}}},"19":{"name":"_approve","line":317,"loc":{"start":{"line":317,"column":4},"end":{"line":319,"column":4}}},"20":{"name":"_concatUri","line":321,"loc":{"start":{"line":321,"column":4},"end":{"line":323,"column":4}}},"21":{"name":"_mintNext","line":325,"loc":{"start":{"line":325,"column":4},"end":{"line":333,"column":4}}}},"statementMap":{"1":{"start":{"line":95,"column":8},"end":{"line":95,"column":95}},"2":{"start":{"line":96,"column":8},"end":{"line":96,"column":82}},"3":{"start":{"line":97,"column":8},"end":{"line":97,"column":86}},"4":{"start":{"line":98,"column":8},"end":{"line":98,"column":79}},"5":{"start":{"line":101,"column":8},"end":{"line":101,"column":3925}},"6":{"start":{"line":102,"column":12},"end":{"line":102,"column":36}},"7":{"start":{"line":106,"column":8},"end":{"line":106,"column":44}},"8":{"start":{"line":107,"column":8},"end":{"line":107,"column":51}},"9":{"start":{"line":110,"column":8},"end":{"line":110,"column":29}},"10":{"start":{"line":111,"column":8},"end":{"line":111,"column":39}},"11":{"start":{"line":112,"column":8},"end":{"line":112,"column":25}},"12":{"start":{"line":120,"column":8},"end":{"line":120,"column":15}},"13":{"start":{"line":128,"column":8},"end":{"line":128,"column":17}},"14":{"start":{"line":137,"column":8},"end":{"line":137,"column":94}},"15":{"start":{"line":138,"column":8},"end":{"line":138,"column":39}},"16":{"start":{"line":147,"column":8},"end":{"line":147,"column":94}},"17":{"start":{"line":148,"column":8},"end":{"line":148,"column":29}},"18":{"start":{"line":157,"column":8},"end":{"line":157,"column":25}},"19":{"start":{"line":167,"column":8},"end":{"line":167,"column":28}},"20":{"start":{"line":175,"column":8},"end":{"line":175,"column":96}},"21":{"start":{"line":176,"column":8},"end":{"line":176,"column":6499}},"22":{"start":{"line":177,"column":12},"end":{"line":177,"column":32}},"23":{"start":{"line":190,"column":8},"end":{"line":190,"column":83}},"24":{"start":{"line":193,"column":8},"end":{"line":193,"column":47}},"25":{"start":{"line":194,"column":8},"end":{"line":194,"column":42}},"26":{"start":{"line":195,"column":8},"end":{"line":195,"column":7280}},"27":{"start":{"line":196,"column":12},"end":{"line":196,"column":33}},"28":{"start":{"line":200,"column":8},"end":{"line":200,"column":32}},"29":{"start":{"line":201,"column":8},"end":{"line":201,"column":7453}},"30":{"start":{"line":202,"column":12},"end":{"line":202,"column":24}},"31":{"start":{"line":206,"column":8},"end":{"line":206,"column":27}},"32":{"start":{"line":216,"column":8},"end":{"line":216,"column":110}},"33":{"start":{"line":219,"column":8},"end":{"line":219,"column":22}},"34":{"start":{"line":234,"column":8},"end":{"line":234,"column":39}},"35":{"start":{"line":249,"column":8},"end":{"line":249,"column":98}},"36":{"start":{"line":260,"column":8},"end":{"line":260,"column":33}},"37":{"start":{"line":261,"column":8},"end":{"line":261,"column":41}},"38":{"start":{"line":262,"column":8},"end":{"line":262,"column":45}},"39":{"start":{"line":273,"column":8},"end":{"line":273,"column":76}},"40":{"start":{"line":280,"column":8},"end":{"line":280,"column":35}},"41":{"start":{"line":281,"column":8},"end":{"line":281,"column":32}},"42":{"start":{"line":282,"column":8},"end":{"line":282,"column":30}},"43":{"start":{"line":295,"column":8},"end":{"line":295,"column":17}},"44":{"start":{"line":296,"column":8},"end":{"line":296,"column":33}},"45":{"start":{"line":298,"column":8},"end":{"line":298,"column":10853}},"46":{"start":{"line":299,"column":12},"end":{"line":299,"column":78}},"47":{"start":{"line":310,"column":8},"end":{"line":310,"column":55}},"48":{"start":{"line":314,"column":8},"end":{"line":314,"column":28}},"49":{"start":{"line":318,"column":8},"end":{"line":318,"column":34}},"50":{"start":{"line":322,"column":8},"end":{"line":322,"column":78}},"51":{"start":{"line":326,"column":8},"end":{"line":326,"column":74}},"52":{"start":{"line":327,"column":8},"end":{"line":327,"column":89}},"53":{"start":{"line":329,"column":8},"end":{"line":329,"column":43}},"54":{"start":{"line":330,"column":8},"end":{"line":330,"column":29}},"55":{"start":{"line":331,"column":8},"end":{"line":331,"column":60}},"56":{"start":{"line":332,"column":8},"end":{"line":332,"column":22}}},"branchMap":{"1":{"line":95,"type":"if","locations":[{"start":{"line":95,"column":8},"end":{"line":95,"column":8}},{"start":{"line":95,"column":8},"end":{"line":95,"column":8}}]},"2":{"line":96,"type":"if","locations":[{"start":{"line":96,"column":8},"end":{"line":96,"column":8}},{"start":{"line":96,"column":8},"end":{"line":96,"column":8}}]},"3":{"line":97,"type":"if","locations":[{"start":{"line":97,"column":8},"end":{"line":97,"column":8}},{"start":{"line":97,"column":8},"end":{"line":97,"column":8}}]},"4":{"line":98,"type":"if","locations":[{"start":{"line":98,"column":8},"end":{"line":98,"column":8}},{"start":{"line":98,"column":8},"end":{"line":98,"column":8}}]},"5":{"line":101,"type":"if","locations":[{"start":{"line":101,"column":8},"end":{"line":101,"column":8}},{"start":{"line":101,"column":8},"end":{"line":101,"column":8}}]},"6":{"line":137,"type":"if","locations":[{"start":{"line":137,"column":8},"end":{"line":137,"column":8}},{"start":{"line":137,"column":8},"end":{"line":137,"column":8}}]},"7":{"line":147,"type":"if","locations":[{"start":{"line":147,"column":8},"end":{"line":147,"column":8}},{"start":{"line":147,"column":8},"end":{"line":147,"column":8}}]},"8":{"line":175,"type":"if","locations":[{"start":{"line":175,"column":8},"end":{"line":175,"column":8}},{"start":{"line":175,"column":8},"end":{"line":175,"column":8}}]},"9":{"line":190,"type":"if","locations":[{"start":{"line":190,"column":8},"end":{"line":190,"column":8}},{"start":{"line":190,"column":8},"end":{"line":190,"column":8}}]},"10":{"line":195,"type":"if","locations":[{"start":{"line":195,"column":8},"end":{"line":195,"column":8}},{"start":{"line":195,"column":8},"end":{"line":195,"column":8}}]},"11":{"line":216,"type":"if","locations":[{"start":{"line":216,"column":8},"end":{"line":216,"column":8}},{"start":{"line":216,"column":8},"end":{"line":216,"column":8}}]},"12":{"line":298,"type":"if","locations":[{"start":{"line":298,"column":8},"end":{"line":298,"column":8}},{"start":{"line":298,"column":8},"end":{"line":298,"column":8}}]},"13":{"line":326,"type":"if","locations":[{"start":{"line":326,"column":8},"end":{"line":326,"column":8}},{"start":{"line":326,"column":8},"end":{"line":326,"column":8}}]},"14":{"line":327,"type":"if","locations":[{"start":{"line":327,"column":8},"end":{"line":327,"column":8}},{"start":{"line":327,"column":8},"end":{"line":327,"column":8}}]}}},
"contracts/openzeppelin/access/AccessControl.sol":{"l":{"70":187,"71":172,"78":7,"85":960,"97":187,"108":187,"109":15,"129":36,"145":30,"160":4,"180":2,"182":2,"206":0,"215":0,"216":0,"217":0,"228":744,"229":744,"230":744,"242":6,"243":6,"244":6},"path":"/home/acer/Desktop/blockchain/nft-projects/krewnime-nft/krewnime-nft-contract/contracts/openzeppelin/access/AccessControl.sol","s":{"1":187,"2":7,"3":960,"4":187,"5":187,"6":15,"7":36,"8":30,"9":4,"10":2,"11":2,"12":0,"13":0,"14":0,"15":0,"16":744,"17":744,"18":744,"19":6,"20":6,"21":6},"b":{"1":[15,172],"2":[2,0],"3":[744,0],"4":[6,0]},"f":{"1":187,"2":7,"3":960,"4":187,"5":187,"6":36,"7":30,"8":4,"9":2,"10":0,"11":0,"12":744,"13":6},"fnMap":{"1":{"name":"onlyRole","line":69,"loc":{"start":{"line":69,"column":4},"end":{"line":72,"column":4}}},"2":{"name":"supportsInterface","line":77,"loc":{"start":{"line":77,"column":4},"end":{"line":79,"column":4}}},"3":{"name":"hasRole","line":84,"loc":{"start":{"line":84,"column":4},"end":{"line":86,"column":4}}},"4":{"name":"_checkRole","line":96,"loc":{"start":{"line":96,"column":4},"end":{"line":98,"column":4}}},"5":{"name":"_checkRole","line":107,"loc":{"start":{"line":107,"column":4},"end":{"line":120,"column":4}}},"6":{"name":"getRoleAdmin","line":128,"loc":{"start":{"line":128,"column":4},"end":{"line":130,"column":4}}},"7":{"name":"grantRole","line":144,"loc":{"start":{"line":144,"column":4},"end":{"line":146,"column":4}}},"8":{"name":"revokeRole","line":159,"loc":{"start":{"line":159,"column":4},"end":{"line":161,"column":4}}},"9":{"name":"renounceRole","line":179,"loc":{"start":{"line":179,"column":4},"end":{"line":183,"column":4}}},"10":{"name":"_setupRole","line":205,"loc":{"start":{"line":205,"column":4},"end":{"line":207,"column":4}}},"11":{"name":"_setRoleAdmin","line":214,"loc":{"start":{"line":214,"column":4},"end":{"line":218,"column":4}}},"12":{"name":"_grantRole","line":227,"loc":{"start":{"line":227,"column":4},"end":{"line":232,"column":4}}},"13":{"name":"_revokeRole","line":241,"loc":{"start":{"line":241,"column":4},"end":{"line":246,"column":4}}}},"statementMap":{"1":{"start":{"line":70,"column":8},"end":{"line":70,"column":23}},"2":{"start":{"line":78,"column":8},"end":{"line":78,"column":102}},"3":{"start":{"line":85,"column":8},"end":{"line":85,"column":44}},"4":{"start":{"line":97,"column":8},"end":{"line":97,"column":37}},"5":{"start":{"line":108,"column":8},"end":{"line":108,"column":3810}},"6":{"start":{"line":109,"column":12},"end":{"line":109,"column":3857}},"7":{"start":{"line":129,"column":8},"end":{"line":129,"column":37}},"8":{"start":{"line":145,"column":8},"end":{"line":145,"column":32}},"9":{"start":{"line":160,"column":8},"end":{"line":160,"column":33}},"10":{"start":{"line":180,"column":8},"end":{"line":180,"column":90}},"11":{"start":{"line":182,"column":8},"end":{"line":182,"column":33}},"12":{"start":{"line":206,"column":8},"end":{"line":206,"column":32}},"13":{"start":{"line":215,"column":8},"end":{"line":215,"column":54}},"14":{"start":{"line":216,"column":8},"end":{"line":216,"column":41}},"15":{"start":{"line":217,"column":8},"end":{"line":217,"column":65}},"16":{"start":{"line":228,"column":8},"end":{"line":228,"column":7561}},"17":{"start":{"line":229,"column":12},"end":{"line":229,"column":47}},"18":{"start":{"line":230,"column":12},"end":{"line":230,"column":57}},"19":{"start":{"line":242,"column":8},"end":{"line":242,"column":7966}},"20":{"start":{"line":243,"column":12},"end":{"line":243,"column":48}},"21":{"start":{"line":244,"column":12},"end":{"line":244,"column":57}}},"branchMap":{"1":{"line":108,"type":"if","locations":[{"start":{"line":108,"column":8},"end":{"line":108,"column":8}},{"start":{"line":108,"column":8},"end":{"line":108,"column":8}}]},"2":{"line":180,"type":"if","locations":[{"start":{"line":180,"column":8},"end":{"line":180,"column":8}},{"start":{"line":180,"column":8},"end":{"line":180,"column":8}}]},"3":{"line":228,"type":"if","locations":[{"start":{"line":228,"column":8},"end":{"line":228,"column":8}},{"start":{"line":228,"column":8},"end":{"line":228,"column":8}}]},"4":{"line":242,"type":"if","locations":[{"start":{"line":242,"column":8},"end":{"line":242,"column":8}},{"start":{"line":242,"column":8},"end":{"line":242,"column":8}}]}}},
"contracts/openzeppelin/access/IAccessControl.sol":{"l":{},"path":"/home/acer/Desktop/blockchain/nft-projects/krewnime-nft/krewnime-nft-contract/contracts/openzeppelin/access/IAccessControl.sol","s":{},"b":{},"f":{},"fnMap":{},"statementMap":{},"branchMap":{}},
"contracts/openzeppelin/access/Ownable.sol":{"l":{"29":75,"36":26,"37":21,"44":26,"51":26,"62":0,"70":0,"71":0,"79":75,"80":75,"81":75},"path":"/home/acer/Desktop/blockchain/nft-projects/krewnime-nft/krewnime-nft-contract/contracts/openzeppelin/access/Ownable.sol","s":{"1":75,"2":26,"3":26,"4":26,"5":0,"6":0,"7":0,"8":75,"9":75,"10":75},"b":{"1":[21,5],"2":[0,0]},"f":{"1":75,"2":26,"3":26,"4":26,"5":0,"6":0,"7":75},"fnMap":{"1":{"name":"constructor","line":28,"loc":{"start":{"line":28,"column":4},"end":{"line":30,"column":4}}},"2":{"name":"onlyOwner","line":35,"loc":{"start":{"line":35,"column":4},"end":{"line":38,"column":4}}},"3":{"name":"owner","line":43,"loc":{"start":{"line":43,"column":4},"end":{"line":45,"column":4}}},"4":{"name":"_checkOwner","line":50,"loc":{"start":{"line":50,"column":4},"end":{"line":52,"column":4}}},"5":{"name":"renounceOwnership","line":61,"loc":{"start":{"line":61,"column":4},"end":{"line":63,"column":4}}},"6":{"name":"transferOwnership","line":69,"loc":{"start":{"line":69,"column":4},"end":{"line":72,"column":4}}},"7":{"name":"_transferOwnership","line":78,"loc":{"start":{"line":78,"column":4},"end":{"line":82,"column":4}}}},"statementMap":{"1":{"start":{"line":29,"column":8},"end":{"line":29,"column":39}},"2":{"start":{"line":36,"column":8},"end":{"line":36,"column":20}},"3":{"start":{"line":44,"column":8},"end":{"line":44,"column":21}},"4":{"start":{"line":51,"column":8},"end":{"line":51,"column":75}},"5":{"start":{"line":62,"column":8},"end":{"line":62,"column":37}},"6":{"start":{"line":70,"column":8},"end":{"line":70,"column":80}},"7":{"start":{"line":71,"column":8},"end":{"line":71,"column":35}},"8":{"start":{"line":79,"column":8},"end":{"line":79,"column":33}},"9":{"start":{"line":80,"column":8},"end":{"line":80,"column":24}},"10":{"start":{"line":81,"column":8},"end":{"line":81,"column":53}}},"branchMap":{"1":{"line":51,"type":"if","locations":[{"start":{"line":51,"column":8},"end":{"line":51,"column":8}},{"start":{"line":51,"column":8},"end":{"line":51,"column":8}}]},"2":{"line":70,"type":"if","locations":[{"start":{"line":70,"column":8},"end":{"line":70,"column":8}},{"start":{"line":70,"column":8},"end":{"line":70,"column":8}}]}}},
"contracts/openzeppelin/interfaces/IERC2981.sol":{"l":{},"path":"/home/acer/Desktop/blockchain/nft-projects/krewnime-nft/krewnime-nft-contract/contracts/openzeppelin/interfaces/IERC2981.sol","s":{},"b":{},"f":{},"fnMap":{},"statementMap":{},"branchMap":{}},
"contracts/openzeppelin/security/Pausable.sol":{"l":{"34":432,"45":224,"46":216,"57":9,"58":8,"65":247,"72":224,"79":9,"90":16,"91":16,"102":8,"103":8},"path":"/home/acer/Desktop/blockchain/nft-projects/krewnime-nft/krewnime-nft-contract/contracts/openzeppelin/security/Pausable.sol","s":{"1":432,"2":224,"3":9,"4":247,"5":224,"6":9,"7":16,"8":16,"9":8,"10":8},"b":{"1":[216,8],"2":[8,1]},"f":{"1":432,"2":224,"3":9,"4":247,"5":224,"6":9,"7":16,"8":8},"fnMap":{"1":{"name":"constructor","line":33,"loc":{"start":{"line":33,"column":4},"end":{"line":35,"column":4}}},"2":{"name":"whenNotPaused","line":44,"loc":{"start":{"line":44,"column":4},"end":{"line":47,"column":4}}},"3":{"name":"whenPaused","line":56,"loc":{"start":{"line":56,"column":4},"end":{"line":59,"column":4}}},"4":{"name":"paused","line":64,"loc":{"start":{"line":64,"column":4},"end":{"line":66,"column":4}}},"5":{"name":"_requireNotPaused","line":71,"loc":{"start":{"line":71,"column":4},"end":{"line":73,"column":4}}},"6":{"name":"_requirePaused","line":78,"loc":{"start":{"line":78,"column":4},"end":{"line":80,"column":4}}},"7":{"name":"_pause","line":89,"loc":{"start":{"line":89,"column":4},"end":{"line":92,"column":4}}},"8":{"name":"_unpause","line":101,"loc":{"start":{"line":101,"column":4},"end":{"line":104,"column":4}}}},"statementMap":{"1":{"start":{"line":34,"column":8},"end":{"line":34,"column":22}},"2":{"start":{"line":45,"column":8},"end":{"line":45,"column":26}},"3":{"start":{"line":57,"column":8},"end":{"line":57,"column":23}},"4":{"start":{"line":65,"column":8},"end":{"line":65,"column":22}},"5":{"start":{"line":72,"column":8},"end":{"line":72,"column":45}},"6":{"start":{"line":79,"column":8},"end":{"line":79,"column":48}},"7":{"start":{"line":90,"column":8},"end":{"line":90,"column":21}},"8":{"start":{"line":91,"column":8},"end":{"line":91,"column":33}},"9":{"start":{"line":102,"column":8},"end":{"line":102,"column":22}},"10":{"start":{"line":103,"column":8},"end":{"line":103,"column":35}}},"branchMap":{"1":{"line":72,"type":"if","locations":[{"start":{"line":72,"column":8},"end":{"line":72,"column":8}},{"start":{"line":72,"column":8},"end":{"line":72,"column":8}}]},"2":{"line":79,"type":"if","locations":[{"start":{"line":79,"column":8},"end":{"line":79,"column":8}},{"start":{"line":79,"column":8},"end":{"line":79,"column":8}}]}}},
"contracts/openzeppelin/token/ERC721/ERC721.sol":{"l":{"45":357,"46":357,"53":5,"63":524,"64":524,"71":80,"72":80,"73":74,"80":1,"87":1,"94":0,"96":0,"97":0,"106":20,"113":9,"114":8,"116":7,"121":6,"128":7,"130":7,"137":0,"144":7,"156":11,"158":9,"169":0,"181":0,"182":0,"209":0,"210":0,"222":326,"233":17,"234":15,"248":151,"260":151,"261":150,"280":151,"281":151,"283":151,"285":150,"286":150,"288":150,"290":150,"304":3,"306":3,"309":3,"311":3,"312":3,"314":3,"316":3,"335":9,"336":8,"338":8,"341":7,"343":7,"344":7,"345":7,"347":7,"349":7,"358":15,"359":15,"372":0,"373":0,"374":0,"381":27,"400":150,"401":3,"402":2,"404":1,"405":0,"408":1,"414":147},"path":"/home/acer/Desktop/blockchain/nft-projects/krewnime-nft/krewnime-nft-contract/contracts/openzeppelin/token/ERC721/ERC721.sol","s":{"1":357,"2":357,"3":5,"4":524,"5":524,"6":80,"7":80,"8":74,"9":1,"10":1,"11":0,"12":0,"13":0,"14":20,"15":9,"16":8,"17":7,"18":6,"19":7,"20":7,"21":0,"22":7,"23":11,"24":9,"25":0,"26":0,"27":0,"28":0,"29":0,"30":326,"31":17,"32":15,"33":151,"34":151,"35":150,"36":151,"37":151,"38":151,"39":150,"40":150,"41":150,"42":150,"43":3,"44":3,"45":3,"46":3,"47":3,"48":3,"49":9,"50":8,"51":8,"52":7,"53":7,"54":7,"55":7,"56":7,"57":7,"58":15,"59":15,"60":0,"61":0,"62":0,"63":27,"64":150,"65":3,"66":2,"67":1,"68":0,"69":147},"b":{"1":[524,0],"2":[74,6],"3":[7,1],"4":[6,1],"5":[9,2],"6":[0,0],"7":[0,0],"8":[148,2],"9":[151,0],"10":[151,0],"11":[8,1],"12":[8,0],"13":[0,0],"14":[27,0],"15":[3,147],"16":[0,1]},"f":{"1":357,"2":5,"3":524,"4":80,"5":1,"6":1,"7":0,"8":20,"9":9,"10":7,"11":0,"12":7,"13":11,"14":0,"15":0,"16":0,"17":326,"18":17,"19":151,"20":151,"21":151,"22":3,"23":9,"24":15,"25":0,"26":27,"27":150,"28":160,"29":160},"fnMap":{"1":{"name":"constructor","line":44,"loc":{"start":{"line":44,"column":4},"end":{"line":47,"column":4}}},"2":{"name":"supportsInterface","line":52,"loc":{"start":{"line":52,"column":4},"end":{"line":57,"column":4}}},"3":{"name":"balanceOf","line":62,"loc":{"start":{"line":62,"column":4},"end":{"line":65,"column":4}}},"4":{"name":"ownerOf","line":70,"loc":{"start":{"line":70,"column":4},"end":{"line":74,"column":4}}},"5":{"name":"name","line":79,"loc":{"start":{"line":79,"column":4},"end":{"line":81,"column":4}}},"6":{"name":"symbol","line":86,"loc":{"start":{"line":86,"column":4},"end":{"line":88,"column":4}}},"7":{"name":"tokenURI","line":93,"loc":{"start":{"line":93,"column":4},"end":{"line":98,"column":4}}},"8":{"name":"_baseURI","line":105,"loc":{"start":{"line":105,"column":4},"end":{"line":107,"column":4}}},"9":{"name":"approve","line":112,"loc":{"start":{"line":112,"column":4},"end":{"line":122,"column":4}}},"10":{"name":"getApproved","line":127,"loc":{"start":{"line":127,"column":4},"end":{"line":131,"column":4}}},"11":{"name":"setApprovalForAll","line":136,"loc":{"start":{"line":136,"column":4},"end":{"line":138,"column":4}}},"12":{"name":"isApprovedForAll","line":143,"loc":{"start":{"line":143,"column":4},"end":{"line":145,"column":4}}},"13":{"name":"transferFrom","line":150,"loc":{"start":{"line":150,"column":4},"end":{"line":159,"column":4}}},"14":{"name":"safeTransferFrom","line":164,"loc":{"start":{"line":164,"column":4},"end":{"line":170,"column":4}}},"15":{"name":"safeTransferFrom","line":175,"loc":{"start":{"line":175,"column":4},"end":{"line":183,"column":4}}},"16":{"name":"_safeTransfer","line":203,"loc":{"start":{"line":203,"column":4},"end":{"line":211,"column":4}}},"17":{"name":"_exists","line":221,"loc":{"start":{"line":221,"column":4},"end":{"line":223,"column":4}}},"18":{"name":"_isApprovedOrOwner","line":232,"loc":{"start":{"line":232,"column":4},"end":{"line":235,"column":4}}},"19":{"name":"_safeMint","line":247,"loc":{"start":{"line":247,"column":4},"end":{"line":249,"column":4}}},"20":{"name":"_safeMint","line":255,"loc":{"start":{"line":255,"column":4},"end":{"line":265,"column":4}}},"21":{"name":"_mint","line":279,"loc":{"start":{"line":279,"column":4},"end":{"line":291,"column":4}}},"22":{"name":"_burn","line":303,"loc":{"start":{"line":303,"column":4},"end":{"line":317,"column":4}}},"23":{"name":"_transfer","line":330,"loc":{"start":{"line":330,"column":4},"end":{"line":350,"column":4}}},"24":{"name":"_approve","line":357,"loc":{"start":{"line":357,"column":4},"end":{"line":360,"column":4}}},"25":{"name":"_setApprovalForAll","line":367,"loc":{"start":{"line":367,"column":4},"end":{"line":375,"column":4}}},"26":{"name":"_requireMinted","line":380,"loc":{"start":{"line":380,"column":4},"end":{"line":382,"column":4}}},"27":{"name":"_checkOnERC721Received","line":394,"loc":{"start":{"line":394,"column":4},"end":{"line":416,"column":4}}},"28":{"name":"_beforeTokenTransfer","line":432,"loc":{"start":{"line":432,"column":4},"end":{"line":436,"column":24}}},"29":{"name":"_afterTokenTransfer","line":449,"loc":{"start":{"line":449,"column":4},"end":{"line":453,"column":24}}}},"statementMap":{"1":{"start":{"line":45,"column":8},"end":{"line":45,"column":20}},"2":{"start":{"line":46,"column":8},"end":{"line":46,"column":24}},"3":{"start":{"line":53,"column":8},"end":{"line":53,"column":1737}},"4":{"start":{"line":63,"column":8},"end":{"line":63,"column":80}},"5":{"start":{"line":64,"column":8},"end":{"line":64,"column":31}},"6":{"start":{"line":71,"column":8},"end":{"line":71,"column":40}},"7":{"start":{"line":72,"column":8},"end":{"line":72,"column":63}},"8":{"start":{"line":73,"column":8},"end":{"line":73,"column":20}},"9":{"start":{"line":80,"column":8},"end":{"line":80,"column":20}},"10":{"start":{"line":87,"column":8},"end":{"line":87,"column":22}},"11":{"start":{"line":94,"column":8},"end":{"line":94,"column":30}},"12":{"start":{"line":96,"column":8},"end":{"line":96,"column":42}},"13":{"start":{"line":97,"column":8},"end":{"line":97,"column":101}},"14":{"start":{"line":106,"column":8},"end":{"line":106,"column":17}},"15":{"start":{"line":113,"column":8},"end":{"line":113,"column":47}},"16":{"start":{"line":114,"column":8},"end":{"line":114,"column":64}},"17":{"start":{"line":116,"column":8},"end":{"line":116,"column":3673}},"18":{"start":{"line":121,"column":8},"end":{"line":121,"column":28}},"19":{"start":{"line":128,"column":8},"end":{"line":128,"column":30}},"20":{"start":{"line":130,"column":8},"end":{"line":130,"column":39}},"21":{"start":{"line":137,"column":8},"end":{"line":137,"column":59}},"22":{"start":{"line":144,"column":8},"end":{"line":144,"column":50}},"23":{"start":{"line":156,"column":8},"end":{"line":156,"column":107}},"24":{"start":{"line":158,"column":8},"end":{"line":158,"column":35}},"25":{"start":{"line":169,"column":8},"end":{"line":169,"column":46}},"26":{"start":{"line":181,"column":8},"end":{"line":181,"column":107}},"27":{"start":{"line":182,"column":8},"end":{"line":182,"column":45}},"28":{"start":{"line":209,"column":8},"end":{"line":209,"column":35}},"29":{"start":{"line":210,"column":8},"end":{"line":210,"column":117}},"30":{"start":{"line":222,"column":8},"end":{"line":222,"column":45}},"31":{"start":{"line":233,"column":8},"end":{"line":233,"column":47}},"32":{"start":{"line":234,"column":8},"end":{"line":234,"column":104}},"33":{"start":{"line":248,"column":8},"end":{"line":248,"column":33}},"34":{"start":{"line":260,"column":8},"end":{"line":260,"column":25}},"35":{"start":{"line":261,"column":8},"end":{"line":261,"column":8398}},"36":{"start":{"line":280,"column":8},"end":{"line":280,"column":68}},"37":{"start":{"line":281,"column":8},"end":{"line":281,"column":65}},"38":{"start":{"line":283,"column":8},"end":{"line":283,"column":52}},"39":{"start":{"line":285,"column":8},"end":{"line":285,"column":25}},"40":{"start":{"line":286,"column":8},"end":{"line":286,"column":28}},"41":{"start":{"line":288,"column":8},"end":{"line":288,"column":46}},"42":{"start":{"line":290,"column":8},"end":{"line":290,"column":51}},"43":{"start":{"line":304,"column":8},"end":{"line":304,"column":47}},"44":{"start":{"line":306,"column":8},"end":{"line":306,"column":55}},"45":{"start":{"line":309,"column":8},"end":{"line":309,"column":36}},"46":{"start":{"line":311,"column":8},"end":{"line":311,"column":28}},"47":{"start":{"line":314,"column":8},"end":{"line":314,"column":49}},"48":{"start":{"line":316,"column":8},"end":{"line":316,"column":54}},"49":{"start":{"line":335,"column":8},"end":{"line":335,"column":88}},"50":{"start":{"line":336,"column":8},"end":{"line":336,"column":72}},"51":{"start":{"line":338,"column":8},"end":{"line":338,"column":46}},"52":{"start":{"line":341,"column":8},"end":{"line":341,"column":36}},"53":{"start":{"line":343,"column":8},"end":{"line":343,"column":27}},"54":{"start":{"line":344,"column":8},"end":{"line":344,"column":25}},"55":{"start":{"line":345,"column":8},"end":{"line":345,"column":28}},"56":{"start":{"line":347,"column":8},"end":{"line":347,"column":40}},"57":{"start":{"line":349,"column":8},"end":{"line":349,"column":45}},"58":{"start":{"line":358,"column":8},"end":{"line":358,"column":36}},"59":{"start":{"line":359,"column":8},"end":{"line":359,"column":59}},"60":{"start":{"line":372,"column":8},"end":{"line":372,"column":62}},"61":{"start":{"line":373,"column":8},"end":{"line":373,"column":53}},"62":{"start":{"line":374,"column":8},"end":{"line":374,"column":54}},"63":{"start":{"line":381,"column":8},"end":{"line":381,"column":60}},"64":{"start":{"line":400,"column":8},"end":{"line":400,"column":12516}},"65":{"start":{"line":401,"column":12},"end":{"line":401,"column":12555}},"66":{"start":{"line":402,"column":16},"end":{"line":402,"column":74}},"67":{"start":{"line":404,"column":16},"end":{"line":404,"column":12797}},"68":{"start":{"line":405,"column":20},"end":{"line":405,"column":79}},"69":{"start":{"line":414,"column":12},"end":{"line":414,"column":23}}},"branchMap":{"1":{"line":63,"type":"if","locations":[{"start":{"line":63,"column":8},"end":{"line":63,"column":8}},{"start":{"line":63,"column":8},"end":{"line":63,"column":8}}]},"2":{"line":72,"type":"if","locations":[{"start":{"line":72,"column":8},"end":{"line":72,"column":8}},{"start":{"line":72,"column":8},"end":{"line":72,"column":8}}]},"3":{"line":114,"type":"if","locations":[{"start":{"line":114,"column":8},"end":{"line":114,"column":8}},{"start":{"line":114,"column":8},"end":{"line":114,"column":8}}]},"4":{"line":116,"type":"if","locations":[{"start":{"line":116,"column":8},"end":{"line":116,"column":8}},{"start":{"line":116,"column":8},"end":{"line":116,"column":8}}]},"5":{"line":156,"type":"if","locations":[{"start":{"line":156,"column":8},"end":{"line":156,"column":8}},{"start":{"line":156,"column":8},"end":{"line":156,"column":8}}]},"6":{"line":181,"type":"if","locations":[{"start":{"line":181,"column":8},"end":{"line":181,"column":8}},{"start":{"line":181,"column":8},"end":{"line":181,"column":8}}]},"7":{"line":210,"type":"if","locations":[{"start":{"line":210,"column":8},"end":{"line":210,"column":8}},{"start":{"line":210,"column":8},"end":{"line":210,"column":8}}]},"8":{"line":261,"type":"if","locations":[{"start":{"line":261,"column":8},"end":{"line":261,"column":8}},{"start":{"line":261,"column":8},"end":{"line":261,"column":8}}]},"9":{"line":280,"type":"if","locations":[{"start":{"line":280,"column":8},"end":{"line":280,"column":8}},{"start":{"line":280,"column":8},"end":{"line":280,"column":8}}]},"10":{"line":281,"type":"if","locations":[{"start":{"line":281,"column":8},"end":{"line":281,"column":8}},{"start":{"line":281,"column":8},"end":{"line":281,"column":8}}]},"11":{"line":335,"type":"if","locations":[{"start":{"line":335,"column":8},"end":{"line":335,"column":8}},{"start":{"line":335,"column":8},"end":{"line":335,"column":8}}]},"12":{"line":336,"type":"if","locations":[{"start":{"line":336,"column":8},"end":{"line":336,"column":8}},{"start":{"line":336,"column":8},"end":{"line":336,"column":8}}]},"13":{"line":372,"type":"if","locations":[{"start":{"line":372,"column":8},"end":{"line":372,"column":8}},{"start":{"line":372,"column":8},"end":{"line":372,"column":8}}]},"14":{"line":381,"type":"if","locations":[{"start":{"line":381,"column":8},"end":{"line":381,"column":8}},{"start":{"line":381,"column":8},"end":{"line":381,"column":8}}]},"15":{"line":400,"type":"if","locations":[{"start":{"line":400,"column":8},"end":{"line":400,"column":8}},{"start":{"line":400,"column":8},"end":{"line":400,"column":8}}]},"16":{"line":404,"type":"if","locations":[{"start":{"line":404,"column":16},"end":{"line":404,"column":16}},{"start":{"line":404,"column":16},"end":{"line":404,"column":16}}]}}},
"contracts/openzeppelin/token/ERC721/extensions/ERC721Enumerable.sol":{"l":{"31":6,"38":0,"39":0,"46":163,"53":0,"54":0,"77":160,"79":160,"80":150,"82":10,"84":160,"85":3,"87":157,"97":157,"98":157,"99":157,"107":150,"108":150,"123":10,"124":10,"127":10,"128":5,"130":5,"131":5,"135":10,"136":10,"148":3,"149":3,"154":3,"156":3,"157":3,"160":3,"161":3},"path":"/home/acer/Desktop/blockchain/nft-projects/krewnime-nft/krewnime-nft-contract/contracts/openzeppelin/token/ERC721/extensions/ERC721Enumerable.sol","s":{"1":6,"2":0,"3":0,"4":163,"5":0,"6":0,"7":160,"8":160,"9":150,"10":10,"11":10,"12":160,"13":3,"14":157,"15":157,"16":157,"17":157,"18":157,"19":150,"20":150,"21":10,"22":10,"23":10,"24":5,"25":5,"26":5,"27":3,"28":3,"29":3,"30":3,"31":3,"32":3},"b":{"1":[0,0],"2":[0,0],"3":[150,10],"4":[10,0],"5":[3,157],"6":[157,0],"7":[5,5]},"f":{"1":6,"2":0,"3":163,"4":0,"5":160,"6":157,"7":150,"8":10,"9":3},"fnMap":{"1":{"name":"supportsInterface","line":30,"loc":{"start":{"line":30,"column":4},"end":{"line":32,"column":4}}},"2":{"name":"tokenOfOwnerByIndex","line":37,"loc":{"start":{"line":37,"column":4},"end":{"line":40,"column":4}}},"3":{"name":"totalSupply","line":45,"loc":{"start":{"line":45,"column":4},"end":{"line":47,"column":4}}},"4":{"name":"tokenByIndex","line":52,"loc":{"start":{"line":52,"column":4},"end":{"line":55,"column":4}}},"5":{"name":"_beforeTokenTransfer","line":72,"loc":{"start":{"line":72,"column":4},"end":{"line":89,"column":4}}},"6":{"name":"_addTokenToOwnerEnumeration","line":96,"loc":{"start":{"line":96,"column":4},"end":{"line":100,"column":4}}},"7":{"name":"_addTokenToAllTokensEnumeration","line":106,"loc":{"start":{"line":106,"column":4},"end":{"line":109,"column":4}}},"8":{"name":"_removeTokenFromOwnerEnumeration","line":119,"loc":{"start":{"line":119,"column":4},"end":{"line":137,"column":4}}},"9":{"name":"_removeTokenFromAllTokensEnumeration","line":144,"loc":{"start":{"line":144,"column":4},"end":{"line":162,"column":4}}}},"statementMap":{"1":{"start":{"line":31,"column":8},"end":{"line":31,"column":105}},"2":{"start":{"line":38,"column":8},"end":{"line":38,"column":94}},"3":{"start":{"line":39,"column":8},"end":{"line":39,"column":41}},"4":{"start":{"line":46,"column":8},"end":{"line":46,"column":32}},"5":{"start":{"line":53,"column":8},"end":{"line":53,"column":102}},"6":{"start":{"line":54,"column":8},"end":{"line":54,"column":32}},"7":{"start":{"line":77,"column":8},"end":{"line":77,"column":52}},"8":{"start":{"line":79,"column":8},"end":{"line":79,"column":2828}},"9":{"start":{"line":80,"column":12},"end":{"line":80,"column":51}},"10":{"start":{"line":81,"column":15},"end":{"line":81,"column":2923}},"11":{"start":{"line":82,"column":12},"end":{"line":82,"column":58}},"12":{"start":{"line":84,"column":8},"end":{"line":84,"column":3020}},"13":{"start":{"line":85,"column":12},"end":{"line":85,"column":56}},"14":{"start":{"line":86,"column":15},"end":{"line":86,"column":3118}},"15":{"start":{"line":87,"column":12},"end":{"line":87,"column":51}},"16":{"start":{"line":97,"column":8},"end":{"line":97,"column":45}},"17":{"start":{"line":98,"column":8},"end":{"line":98,"column":41}},"18":{"start":{"line":99,"column":8},"end":{"line":99,"column":42}},"19":{"start":{"line":107,"column":8},"end":{"line":107,"column":51}},"20":{"start":{"line":108,"column":8},"end":{"line":108,"column":31}},"21":{"start":{"line":123,"column":8},"end":{"line":123,"column":59}},"22":{"start":{"line":124,"column":8},"end":{"line":124,"column":55}},"23":{"start":{"line":127,"column":8},"end":{"line":127,"column":5159}},"24":{"start":{"line":128,"column":12},"end":{"line":128,"column":68}},"25":{"start":{"line":130,"column":12},"end":{"line":130,"column":55}},"26":{"start":{"line":131,"column":12},"end":{"line":131,"column":54}},"27":{"start":{"line":148,"column":8},"end":{"line":148,"column":54}},"28":{"start":{"line":149,"column":8},"end":{"line":149,"column":53}},"29":{"start":{"line":154,"column":8},"end":{"line":154,"column":56}},"30":{"start":{"line":156,"column":8},"end":{"line":156,"column":43}},"31":{"start":{"line":157,"column":8},"end":{"line":157,"column":48}},"32":{"start":{"line":161,"column":8},"end":{"line":161,"column":23}}},"branchMap":{"1":{"line":38,"type":"if","locations":[{"start":{"line":38,"column":8},"end":{"line":38,"column":8}},{"start":{"line":38,"column":8},"end":{"line":38,"column":8}}]},"2":{"line":53,"type":"if","locations":[{"start":{"line":53,"column":8},"end":{"line":53,"column":8}},{"start":{"line":53,"column":8},"end":{"line":53,"column":8}}]},"3":{"line":79,"type":"if","locations":[{"start":{"line":79,"column":8},"end":{"line":79,"column":8}},{"start":{"line":79,"column":8},"end":{"line":79,"column":8}}]},"4":{"line":81,"type":"if","locations":[{"start":{"line":81,"column":15},"end":{"line":81,"column":15}},{"start":{"line":81,"column":15},"end":{"line":81,"column":15}}]},"5":{"line":84,"type":"if","locations":[{"start":{"line":84,"column":8},"end":{"line":84,"column":8}},{"start":{"line":84,"column":8},"end":{"line":84,"column":8}}]},"6":{"line":86,"type":"if","locations":[{"start":{"line":86,"column":15},"end":{"line":86,"column":15}},{"start":{"line":86,"column":15},"end":{"line":86,"column":15}}]},"7":{"line":127,"type":"if","locations":[{"start":{"line":127,"column":8},"end":{"line":127,"column":8}},{"start":{"line":127,"column":8},"end":{"line":127,"column":8}}]}}},
"contracts/openzeppelin/token/ERC721/extensions/ERC721URIStorage.sol":{"l":{"21":20,"23":20,"24":20,"27":20,"28":20,"31":0,"32":0,"35":0,"46":148,"47":148,"56":3,"58":3,"59":3},"path":"/home/acer/Desktop/blockchain/nft-projects/krewnime-nft/krewnime-nft-contract/contracts/openzeppelin/token/ERC721/extensions/ERC721URIStorage.sol","s":{"1":20,"2":20,"3":20,"4":20,"5":20,"6":0,"7":0,"8":0,"9":148,"10":148,"11":3,"12":3},"b":{"1":[20,0],"2":[0,0],"3":[148,0],"4":[3,0]},"f":{"1":20,"2":148,"3":3},"fnMap":{"1":{"name":"tokenURI","line":20,"loc":{"start":{"line":20,"column":4},"end":{"line":36,"column":4}}},"2":{"name":"_setTokenURI","line":45,"loc":{"start":{"line":45,"column":4},"end":{"line":48,"column":4}}},"3":{"name":"_burn","line":55,"loc":{"start":{"line":55,"column":4},"end":{"line":61,"column":4}}}},"statementMap":{"1":{"start":{"line":21,"column":8},"end":{"line":21,"column":30}},"2":{"start":{"line":23,"column":8},"end":{"line":23,"column":53}},"3":{"start":{"line":24,"column":8},"end":{"line":24,"column":39}},"4":{"start":{"line":27,"column":8},"end":{"line":27,"column":778}},"5":{"start":{"line":28,"column":12},"end":{"line":28,"column":28}},"6":{"start":{"line":31,"column":8},"end":{"line":31,"column":946}},"7":{"start":{"line":32,"column":12},"end":{"line":32,"column":60}},"8":{"start":{"line":35,"column":8},"end":{"line":35,"column":38}},"9":{"start":{"line":46,"column":8},"end":{"line":46,"column":82}},"10":{"start":{"line":47,"column":8},"end":{"line":47,"column":38}},"11":{"start":{"line":56,"column":8},"end":{"line":56,"column":27}},"12":{"start":{"line":58,"column":8},"end":{"line":58,"column":1777}}},"branchMap":{"1":{"line":27,"type":"if","locations":[{"start":{"line":27,"column":8},"end":{"line":27,"column":8}},{"start":{"line":27,"column":8},"end":{"line":27,"column":8}}]},"2":{"line":31,"type":"if","locations":[{"start":{"line":31,"column":8},"end":{"line":31,"column":8}},{"start":{"line":31,"column":8},"end":{"line":31,"column":8}}]},"3":{"line":46,"type":"if","locations":[{"start":{"line":46,"column":8},"end":{"line":46,"column":8}},{"start":{"line":46,"column":8},"end":{"line":46,"column":8}}]},"4":{"line":58,"type":"if","locations":[{"start":{"line":58,"column":8},"end":{"line":58,"column":8}},{"start":{"line":58,"column":8},"end":{"line":58,"column":8}}]}}},
"contracts/openzeppelin/token/ERC721/extensions/IERC721Enumerable.sol":{"l":{},"path":"/home/acer/Desktop/blockchain/nft-projects/krewnime-nft/krewnime-nft-contract/contracts/openzeppelin/token/ERC721/extensions/IERC721Enumerable.sol","s":{},"b":{},"f":{},"fnMap":{},"statementMap":{},"branchMap":{}},
"contracts/openzeppelin/token/ERC721/extensions/IERC721Metadata.sol":{"l":{},"path":"/home/acer/Desktop/blockchain/nft-projects/krewnime-nft/krewnime-nft-contract/contracts/openzeppelin/token/ERC721/extensions/IERC721Metadata.sol","s":{},"b":{},"f":{},"fnMap":{},"statementMap":{},"branchMap":{}},
"contracts/openzeppelin/token/ERC721/IERC721.sol":{"l":{},"path":"/home/acer/Desktop/blockchain/nft-projects/krewnime-nft/krewnime-nft-contract/contracts/openzeppelin/token/ERC721/IERC721.sol","s":{},"b":{},"f":{},"fnMap":{},"statementMap":{},"branchMap":{}},
"contracts/openzeppelin/token/ERC721/IERC721Receiver.sol":{"l":{},"path":"/home/acer/Desktop/blockchain/nft-projects/krewnime-nft/krewnime-nft-contract/contracts/openzeppelin/token/ERC721/IERC721Receiver.sol","s":{},"b":{},"f":{},"fnMap":{},"statementMap":{},"branchMap":{}},
"contracts/openzeppelin/token/ERC721/utils/ERC721Holder.sol":{"l":{"26":0},"path":"/home/acer/Desktop/blockchain/nft-projects/krewnime-nft/krewnime-nft-contract/contracts/openzeppelin/token/ERC721/utils/ERC721Holder.sol","s":{"1":0},"b":{},"f":{"1":0},"fnMap":{"1":{"name":"onERC721Received","line":20,"loc":{"start":{"line":20,"column":4},"end":{"line":27,"column":4}}}},"statementMap":{"1":{"start":{"line":26,"column":8},"end":{"line":26,"column":45}}},"branchMap":{}},
"contracts/openzeppelin/utils/Address.sol":{"l":{"41":150,"61":0,"63":0,"64":0,"86":0,"100":0,"119":0,"134":0,"135":0,"137":0,"138":0,"148":0,"162":0,"164":0,"165":0,"175":0,"189":0,"191":0,"192":0,"206":0,"207":0,"210":0,"213":0,"218":0},"path":"/home/acer/Desktop/blockchain/nft-projects/krewnime-nft/krewnime-nft-contract/contracts/openzeppelin/utils/Address.sol","s":{"1":150,"2":0,"3":0,"4":0,"5":0,"6":0,"7":0,"8":0,"9":0,"10":0,"11":0,"12":0,"13":0,"14":0,"15":0,"16":0,"17":0,"18":0,"19":0,"20":0,"21":0,"22":0,"23":0},"b":{"1":[0,0],"2":[0,0],"3":[0,0],"4":[0,0],"5":[0,0],"6":[0,0],"7":[0,0],"8":[0,0]},"f":{"1":150,"2":0,"3":0,"4":0,"5":0,"6":0,"7":0,"8":0,"9":0,"10":0,"11":0},"fnMap":{"1":{"name":"isContract","line":36,"loc":{"start":{"line":36,"column":4},"end":{"line":42,"column":4}}},"2":{"name":"sendValue","line":60,"loc":{"start":{"line":60,"column":4},"end":{"line":65,"column":4}}},"3":{"name":"functionCall","line":85,"loc":{"start":{"line":85,"column":4},"end":{"line":87,"column":4}}},"4":{"name":"functionCall","line":95,"loc":{"start":{"line":95,"column":4},"end":{"line":101,"column":4}}},"5":{"name":"functionCallWithValue","line":114,"loc":{"start":{"line":114,"column":4},"end":{"line":120,"column":4}}},"6":{"name":"functionCallWithValue","line":128,"loc":{"start":{"line":128,"column":4},"end":{"line":139,"column":4}}},"7":{"name":"functionStaticCall","line":147,"loc":{"start":{"line":147,"column":4},"end":{"line":149,"column":4}}},"8":{"name":"functionStaticCall","line":157,"loc":{"start":{"line":157,"column":4},"end":{"line":166,"column":4}}},"9":{"name":"functionDelegateCall","line":174,"loc":{"start":{"line":174,"column":4},"end":{"line":176,"column":4}}},"10":{"name":"functionDelegateCall","line":184,"loc":{"start":{"line":184,"column":4},"end":{"line":193,"column":4}}},"11":{"name":"verifyCallResult","line":201,"loc":{"start":{"line":201,"column":4},"end":{"line":221,"column":4}}}},"statementMap":{"1":{"start":{"line":41,"column":8},"end":{"line":41,"column":38}},"2":{"start":{"line":61,"column":8},"end":{"line":61,"column":80}},"3":{"start":{"line":63,"column":8},"end":{"line":63,"column":60}},"4":{"start":{"line":64,"column":8},"end":{"line":64,"column":85}},"5":{"start":{"line":86,"column":8},"end":{"line":86,"column":75}},"6":{"start":{"line":100,"column":8},"end":{"line":100,"column":67}},"7":{"start":{"line":119,"column":8},"end":{"line":119,"column":102}},"8":{"start":{"line":134,"column":8},"end":{"line":134,"column":88}},"9":{"start":{"line":135,"column":8},"end":{"line":135,"column":67}},"10":{"start":{"line":137,"column":8},"end":{"line":137,"column":81}},"11":{"start":{"line":138,"column":8},"end":{"line":138,"column":66}},"12":{"start":{"line":148,"column":8},"end":{"line":148,"column":88}},"13":{"start":{"line":162,"column":8},"end":{"line":162,"column":74}},"14":{"start":{"line":164,"column":8},"end":{"line":164,"column":73}},"15":{"start":{"line":165,"column":8},"end":{"line":165,"column":66}},"16":{"start":{"line":175,"column":8},"end":{"line":175,"column":92}},"17":{"start":{"line":189,"column":8},"end":{"line":189,"column":76}},"18":{"start":{"line":191,"column":8},"end":{"line":191,"column":75}},"19":{"start":{"line":192,"column":8},"end":{"line":192,"column":66}},"20":{"start":{"line":206,"column":8},"end":{"line":206,"column":7740}},"21":{"start":{"line":207,"column":12},"end":{"line":207,"column":29}},"22":{"start":{"line":210,"column":12},"end":{"line":210,"column":7885}},"23":{"start":{"line":218,"column":16},"end":{"line":218,"column":35}}},"branchMap":{"1":{"line":61,"type":"if","locations":[{"start":{"line":61,"column":8},"end":{"line":61,"column":8}},{"start":{"line":61,"column":8},"end":{"line":61,"column":8}}]},"2":{"line":64,"type":"if","locations":[{"start":{"line":64,"column":8},"end":{"line":64,"column":8}},{"start":{"line":64,"column":8},"end":{"line":64,"column":8}}]},"3":{"line":134,"type":"if","locations":[{"start":{"line":134,"column":8},"end":{"line":134,"column":8}},{"start":{"line":134,"column":8},"end":{"line":134,"column":8}}]},"4":{"line":135,"type":"if","locations":[{"start":{"line":135,"column":8},"end":{"line":135,"column":8}},{"start":{"line":135,"column":8},"end":{"line":135,"column":8}}]},"5":{"line":162,"type":"if","locations":[{"start":{"line":162,"column":8},"end":{"line":162,"column":8}},{"start":{"line":162,"column":8},"end":{"line":162,"column":8}}]},"6":{"line":189,"type":"if","locations":[{"start":{"line":189,"column":8},"end":{"line":189,"column":8}},{"start":{"line":189,"column":8},"end":{"line":189,"column":8}}]},"7":{"line":206,"type":"if","locations":[{"start":{"line":206,"column":8},"end":{"line":206,"column":8}},{"start":{"line":206,"column":8},"end":{"line":206,"column":8}}]},"8":{"line":210,"type":"if","locations":[{"start":{"line":210,"column":12},"end":{"line":210,"column":12}},{"start":{"line":210,"column":12},"end":{"line":210,"column":12}}]}}},
"contracts/openzeppelin/utils/Context.sol":{"l":{"18":1125,"22":0},"path":"/home/acer/Desktop/blockchain/nft-projects/krewnime-nft/krewnime-nft-contract/contracts/openzeppelin/utils/Context.sol","s":{"1":1125,"2":0},"b":{},"f":{"1":1125,"2":0},"fnMap":{"1":{"name":"_msgSender","line":17,"loc":{"start":{"line":17,"column":4},"end":{"line":19,"column":4}}},"2":{"name":"_msgData","line":21,"loc":{"start":{"line":21,"column":4},"end":{"line":23,"column":4}}}},"statementMap":{"1":{"start":{"line":18,"column":8},"end":{"line":18,"column":25}},"2":{"start":{"line":22,"column":8},"end":{"line":22,"column":23}}},"branchMap":{}},
"contracts/openzeppelin/utils/Counters.sol":{"l":{"23":0,"27":0,"28":0,"33":0,"34":0,"35":0,"36":0,"41":0},"path":"/home/acer/Desktop/blockchain/nft-projects/krewnime-nft/krewnime-nft-contract/contracts/openzeppelin/utils/Counters.sol","s":{"1":0,"2":0,"3":0,"4":0,"5":0,"6":0},"b":{"1":[0,0]},"f":{"1":0,"2":0,"3":0,"4":0},"fnMap":{"1":{"name":"current","line":22,"loc":{"start":{"line":22,"column":4},"end":{"line":24,"column":4}}},"2":{"name":"increment","line":26,"loc":{"start":{"line":26,"column":4},"end":{"line":30,"column":4}}},"3":{"name":"decrement","line":32,"loc":{"start":{"line":32,"column":4},"end":{"line":38,"column":4}}},"4":{"name":"reset","line":40,"loc":{"start":{"line":40,"column":4},"end":{"line":42,"column":4}}}},"statementMap":{"1":{"start":{"line":23,"column":8},"end":{"line":23,"column":29}},"2":{"start":{"line":28,"column":12},"end":{"line":28,"column":30}},"3":{"start":{"line":33,"column":8},"end":{"line":33,"column":38}},"4":{"start":{"line":34,"column":8},"end":{"line":34,"column":56}},"5":{"start":{"line":36,"column":12},"end":{"line":36,"column":37}},"6":{"start":{"line":41,"column":8},"end":{"line":41,"column":25}}},"branchMap":{"1":{"line":34,"type":"if","locations":[{"start":{"line":34,"column":8},"end":{"line":34,"column":8}},{"start":{"line":34,"column":8},"end":{"line":34,"column":8}}]}}},
"contracts/openzeppelin/utils/introspection/ERC165.sol":{"l":{"27":4},"path":"/home/acer/Desktop/blockchain/nft-projects/krewnime-nft/krewnime-nft-contract/contracts/openzeppelin/utils/introspection/ERC165.sol","s":{"1":4},"b":{},"f":{"1":4},"fnMap":{"1":{"name":"supportsInterface","line":26,"loc":{"start":{"line":26,"column":4},"end":{"line":28,"column":4}}}},"statementMap":{"1":{"start":{"line":27,"column":8},"end":{"line":27,"column":55}}},"branchMap":{}},
"contracts/openzeppelin/utils/introspection/IERC165.sol":{"l":{},"path":"/home/acer/Desktop/blockchain/nft-projects/krewnime-nft/krewnime-nft-contract/contracts/openzeppelin/utils/introspection/IERC165.sol","s":{},"b":{},"f":{},"fnMap":{},"statementMap":{},"branchMap":{}},
"contracts/openzeppelin/utils/Strings.sol":{"l":{"20":148,"21":0,"23":148,"24":148,"25":148,"26":148,"27":148,"29":148,"30":148,"31":148,"32":148,"33":148,"35":148,"42":0,"43":0,"45":0,"46":0,"47":0,"48":0,"49":0,"51":0,"58":30,"59":30,"60":30,"61":30,"62":1560,"63":1560,"65":30,"66":30,"73":0},"path":"/home/acer/Desktop/blockchain/nft-projects/krewnime-nft/krewnime-nft-contract/contracts/openzeppelin/utils/Strings.sol","s":{"1":148,"2":0,"3":148,"4":148,"5":148,"6":148,"7":148,"8":148,"9":148,"10":148,"11":148,"12":148,"13":0,"14":0,"15":0,"16":0,"17":0,"18":0,"19":0,"20":30,"21":30,"22":30,"23":30,"24":1560,"25":1560,"26":30,"27":30,"28":0},"b":{"1":[0,148],"2":[0,0],"3":[30,0]},"f":{"1":148,"2":0,"3":30,"4":0},"fnMap":{"1":{"name":"toString","line":16,"loc":{"start":{"line":16,"column":4},"end":{"line":36,"column":4}}},"2":{"name":"toHexString","line":41,"loc":{"start":{"line":41,"column":4},"end":{"line":52,"column":4}}},"3":{"name":"toHexString","line":57,"loc":{"start":{"line":57,"column":4},"end":{"line":67,"column":4}}},"4":{"name":"toHexString","line":72,"loc":{"start":{"line":72,"column":4},"end":{"line":74,"column":4}}}},"statementMap":{"1":{"start":{"line":20,"column":8},"end":{"line":20,"column":670}},"2":{"start":{"line":21,"column":12},"end":{"line":21,"column":22}},"3":{"start":{"line":23,"column":8},"end":{"line":23,"column":28}},"4":{"start":{"line":24,"column":8},"end":{"line":24,"column":22}},"5":{"start":{"line":25,"column":8},"end":{"line":25,"column":784}},"6":{"start":{"line":27,"column":12},"end":{"line":27,"column":21}},"7":{"start":{"line":29,"column":8},"end":{"line":29,"column":47}},"8":{"start":{"line":30,"column":8},"end":{"line":30,"column":917}},"9":{"start":{"line":31,"column":12},"end":{"line":31,"column":22}},"10":{"start":{"line":32,"column":12},"end":{"line":32,"column":67}},"11":{"start":{"line":33,"column":12},"end":{"line":33,"column":22}},"12":{"start":{"line":35,"column":8},"end":{"line":35,"column":29}},"13":{"start":{"line":42,"column":8},"end":{"line":42,"column":1293}},"14":{"start":{"line":43,"column":12},"end":{"line":43,"column":25}},"15":{"start":{"line":45,"column":8},"end":{"line":45,"column":28}},"16":{"start":{"line":46,"column":8},"end":{"line":46,"column":26}},"17":{"start":{"line":47,"column":8},"end":{"line":47,"column":1414}},"18":{"start":{"line":49,"column":12},"end":{"line":49,"column":21}},"19":{"start":{"line":51,"column":8},"end":{"line":51,"column":41}},"20":{"start":{"line":58,"column":8},"end":{"line":58,"column":55}},"21":{"start":{"line":59,"column":8},"end":{"line":59,"column":22}},"22":{"start":{"line":60,"column":8},"end":{"line":60,"column":22}},"23":{"start":{"line":61,"column":8},"end":{"line":61,"column":1868}},"24":{"start":{"line":62,"column":12},"end":{"line":62,"column":48}},"25":{"start":{"line":63,"column":12},"end":{"line":63,"column":22}},"26":{"start":{"line":65,"column":8},"end":{"line":65,"column":62}},"27":{"start":{"line":66,"column":8},"end":{"line":66,"column":29}},"28":{"start":{"line":73,"column":8},"end":{"line":73,"column":67}}},"branchMap":{"1":{"line":20,"type":"if","locations":[{"start":{"line":20,"column":8},"end":{"line":20,"column":8}},{"start":{"line":20,"column":8},"end":{"line":20,"column":8}}]},"2":{"line":42,"type":"if","locations":[{"start":{"line":42,"column":8},"end":{"line":42,"column":8}},{"start":{"line":42,"column":8},"end":{"line":42,"column":8}}]},"3":{"line":65,"type":"if","locations":[{"start":{"line":65,"column":8},"end":{"line":65,"column":8}},{"start":{"line":65,"column":8},"end":{"line":65,"column":8}}]}}},
"contracts/TestERC721Receiver.sol":{"l":{"40":3,"51":3,"53":3,"55":3,"56":1,"59":1,"62":1},"path":"/home/acer/Desktop/blockchain/nft-projects/krewnime-nft/krewnime-nft-contract/contracts/TestERC721Receiver.sol","s":{"1":3,"2":3,"3":3,"4":3,"5":1,"6":2,"7":1,"8":1},"b":{"1":[1,2],"2":[1,1]},"f":{"1":3,"2":3},"fnMap":{"1":{"name":"setBehavior","line":39,"loc":{"start":{"line":39,"column":4},"end":{"line":41,"column":4}}},"2":{"name":"onERC721Received","line":46,"loc":{"start":{"line":46,"column":4},"end":{"line":63,"column":4}}}},"statementMap":{"1":{"start":{"line":40,"column":8},"end":{"line":40,"column":27}},"2":{"start":{"line":51,"column":8},"end":{"line":51,"column":22}},"3":{"start":{"line":53,"column":8},"end":{"line":53,"column":52}},"4":{"start":{"line":55,"column":8},"end":{"line":55,"column":1607}},"5":{"start":{"line":56,"column":12},"end":{"line":56,"column":29}},"6":{"start":{"line":58,"column":13},"end":{"line":58,"column":1702}},"7":{"start":{"line":59,"column":12},"end":{"line":59,"column":28}},"8":{"start":{"line":62,"column":8},"end":{"line":62,"column":25}}},"branchMap":{"1":{"line":55,"type":"if","locations":[{"start":{"line":55,"column":8},"end":{"line":55,"column":8}},{"start":{"line":55,"column":8},"end":{"line":55,"column":8}}]},"2":{"line":58,"type":"if","locations":[{"start":{"line":58,"column":13},"end":{"line":58,"column":13}},{"start":{"line":58,"column":13},"end":{"line":58,"column":13}}]}}},
"contracts/TokenMintStore.sol":{"l":{"73":75,"74":75,"83":1,"90":6,"97":4,"107":4,"116":2,"126":11,"127":11,"129":8,"131":6,"133":6,"144":8,"146":8,"147":7,"149":6,"151":6,"160":3,"161":3,"163":3,"164":3,"175":18,"176":18,"177":15,"179":0},"path":"/home/acer/Desktop/blockchain/nft-projects/krewnime-nft/krewnime-nft-contract/contracts/TokenMintStore.sol","s":{"1":75,"2":75,"3":1,"4":6,"5":4,"6":4,"7":2,"8":11,"9":11,"10":8,"11":6,"12":6,"13":8,"14":8,"15":7,"16":6,"17":6,"18":3,"19":3,"20":3,"21":3,"22":18,"23":18,"24":15,"25":3,"26":0},"b":{"1":[11,0],"2":[8,3],"3":[8,0],"4":[6,1],"5":[15,3],"6":[0,3]},"f":{"1":75,"2":1,"3":6,"4":4,"5":4,"6":2,"7":11,"8":8,"9":3,"10":18},"fnMap":{"1":{"name":"constructor","line":72,"loc":{"start":{"line":72,"column":4},"end":{"line":75,"column":4}}},"2":{"name":"setMintPrice","line":82,"loc":{"start":{"line":82,"column":4},"end":{"line":84,"column":4}}},"3":{"name":"pause","line":89,"loc":{"start":{"line":89,"column":4},"end":{"line":91,"column":4}}},"4":{"name":"unpause","line":96,"loc":{"start":{"line":96,"column":4},"end":{"line":98,"column":4}}},"5":{"name":"setSpecialPrice","line":106,"loc":{"start":{"line":106,"column":4},"end":{"line":108,"column":4}}},"6":{"name":"clearSpecialPrice","line":115,"loc":{"start":{"line":115,"column":4},"end":{"line":117,"column":4}}},"7":{"name":"mintNext","line":125,"loc":{"start":{"line":125,"column":4},"end":{"line":134,"column":4}}},"8":{"name":"multiMint","line":143,"loc":{"start":{"line":143,"column":4},"end":{"line":152,"column":4}}},"9":{"name":"withdrawAll","line":159,"loc":{"start":{"line":159,"column":4},"end":{"line":165,"column":4}}},"10":{"name":"getMintPrice","line":174,"loc":{"start":{"line":174,"column":4},"end":{"line":180,"column":4}}}},"statementMap":{"1":{"start":{"line":73,"column":8},"end":{"line":73,"column":33}},"2":{"start":{"line":74,"column":8},"end":{"line":74,"column":29}},"3":{"start":{"line":83,"column":8},"end":{"line":83,"column":29}},"4":{"start":{"line":90,"column":8},"end":{"line":90,"column":15}},"5":{"start":{"line":97,"column":8},"end":{"line":97,"column":17}},"6":{"start":{"line":107,"column":8},"end":{"line":107,"column":32}},"7":{"start":{"line":116,"column":8},"end":{"line":116,"column":28}},"8":{"start":{"line":126,"column":8},"end":{"line":126,"column":89}},"9":{"start":{"line":127,"column":8},"end":{"line":127,"column":108}},"10":{"start":{"line":129,"column":8},"end":{"line":129,"column":45}},"11":{"start":{"line":131,"column":8},"end":{"line":131,"column":49}},"12":{"start":{"line":133,"column":8},"end":{"line":133,"column":17}},"13":{"start":{"line":144,"column":8},"end":{"line":144,"column":89}},"14":{"start":{"line":146,"column":8},"end":{"line":146,"column":63}},"15":{"start":{"line":147,"column":8},"end":{"line":147,"column":125}},"16":{"start":{"line":149,"column":8},"end":{"line":149,"column":60}},"17":{"start":{"line":151,"column":8},"end":{"line":151,"column":27}},"18":{"start":{"line":160,"column":8},"end":{"line":160,"column":46}},"19":{"start":{"line":161,"column":8},"end":{"line":161,"column":59}},"20":{"start":{"line":163,"column":8},"end":{"line":163,"column":52}},"21":{"start":{"line":164,"column":8},"end":{"line":164,"column":22}},"22":{"start":{"line":175,"column":8},"end":{"line":175,"column":35}},"23":{"start":{"line":176,"column":8},"end":{"line":176,"column":6006}},"24":{"start":{"line":177,"column":12},"end":{"line":177,"column":28}},"25":{"start":{"line":178,"column":13},"end":{"line":178,"column":6067}},"26":{"start":{"line":179,"column":12},"end":{"line":179,"column":28}}},"branchMap":{"1":{"line":126,"type":"if","locations":[{"start":{"line":126,"column":8},"end":{"line":126,"column":8}},{"start":{"line":126,"column":8},"end":{"line":126,"column":8}}]},"2":{"line":127,"type":"if","locations":[{"start":{"line":127,"column":8},"end":{"line":127,"column":8}},{"start":{"line":127,"column":8},"end":{"line":127,"column":8}}]},"3":{"line":144,"type":"if","locations":[{"start":{"line":144,"column":8},"end":{"line":144,"column":8}},{"start":{"line":144,"column":8},"end":{"line":144,"column":8}}]},"4":{"line":147,"type":"if","locations":[{"start":{"line":147,"column":8},"end":{"line":147,"column":8}},{"start":{"line":147,"column":8},"end":{"line":147,"column":8}}]},"5":{"line":176,"type":"if","locations":[{"start":{"line":176,"column":8},"end":{"line":176,"column":8}},{"start":{"line":176,"column":8},"end":{"line":176,"column":8}}]},"6":{"line":178,"type":"if","locations":[{"start":{"line":178,"column":13},"end":{"line":178,"column":13}},{"start":{"line":178,"column":13},"end":{"line":178,"column":13}}]}}}}
