TN:
SF:/home/acer/Desktop/blockchain/nft-projects/krewnime-nft/krewnime-nft-contract/contracts/IMintable.sol
FNF:0
FNH:0
LF:0
LH:0
BRF:0
BRH:0
end_of_record
TN:
SF:/home/acer/Desktop/blockchain/nft-projects/krewnime-nft/krewnime-nft-contract/contracts/KrewnimeNFT.sol
FN:93,constructor
FN:119,pause
FN:127,unpause
FN:136,setCollectionSize
FN:146,setMaxSupply
FN:156,setBaseUri
FN:166,mintNext
FN:174,initialMint
FN:189,multiMint
FN:214,burn
FN:228,tokenURI
FN:243,supportsInterface
FN:259,setRoyaltyInfo
FN:272,getRoyaltyInfo
FN:279,clearRoyaltyInfo
FN:294,royaltyInfo
FN:308,_beforeTokenTransfer
FN:313,_burn
FN:317,_approve
FN:321,_concatUri
FN:325,_mintNext
FNF:21
FNH:21
FNDA:357,constructor
FNDA:11,pause
FNDA:5,unpause
FNDA:4,setCollectionSize
FNDA:9,setMaxSupply
FNDA:2,setBaseUri
FNDA:71,mintNext
FNDA:9,initialMint
FNDA:15,multiMint
FNDA:6,burn
FNDA:20,tokenURI
FNDA:8,supportsInterface
FNDA:10,setRoyaltyInfo
FNDA:4,getRoyaltyInfo
FNDA:2,clearRoyaltyInfo
FNDA:7,royaltyInfo
FNDA:160,_beforeTokenTransfer
FNDA:3,_burn
FNDA:15,_approve
FNDA:148,_concatUri
FNDA:153,_mintNext
DA:95,357
DA:96,357
DA:97,357
DA:98,357
DA:101,357
DA:102,354
DA:106,357
DA:107,357
DA:110,357
DA:111,357
DA:112,357
DA:120,11
DA:128,5
DA:137,4
DA:138,4
DA:147,9
DA:148,9
DA:157,2
DA:167,71
DA:175,9
DA:176,7
DA:177,33
DA:190,15
DA:193,14
DA:194,14
DA:195,14
DA:196,1
DA:200,14
DA:201,14
DA:202,49
DA:203,49
DA:206,14
DA:216,6
DA:219,4
DA:234,20
DA:249,8
DA:260,10
DA:261,10
DA:262,10
DA:273,4
DA:280,2
DA:281,2
DA:282,2
DA:295,7
DA:296,7
DA:298,7
DA:299,6
DA:310,160
DA:314,3
DA:318,15
DA:322,148
DA:326,153
DA:327,151
DA:329,151
DA:330,151
DA:331,148
DA:332,148
LF:57
LH:57
BRDA:95,1,0,357
BRDA:95,1,1,0
BRDA:96,2,0,357
BRDA:96,2,1,0
BRDA:97,3,0,357
BRDA:97,3,1,0
BRDA:98,4,0,357
BRDA:98,4,1,0
BRDA:101,5,0,354
BRDA:101,5,1,3
BRDA:137,6,0,4
BRDA:137,6,1,0
BRDA:147,7,0,9
BRDA:147,7,1,0
BRDA:175,8,0,7
BRDA:175,8,1,2
BRDA:190,9,0,14
BRDA:190,9,1,1
BRDA:195,10,0,1
BRDA:195,10,1,13
BRDA:216,11,0,4
BRDA:216,11,1,2
BRDA:298,12,0,6
BRDA:298,12,1,1
BRDA:326,13,0,151
BRDA:326,13,1,2
BRDA:327,14,0,151
BRDA:327,14,1,0
BRF:28
BRH:21
end_of_record
TN:
SF:/home/acer/Desktop/blockchain/nft-projects/krewnime-nft/krewnime-nft-contract/contracts/openzeppelin/access/AccessControl.sol
FN:69,onlyRole
FN:77,supportsInterface
FN:84,hasRole
FN:96,_checkRole
FN:107,_checkRole
FN:128,getRoleAdmin
FN:144,grantRole
FN:159,revokeRole
FN:179,renounceRole
FN:205,_setupRole
FN:214,_setRoleAdmin
FN:227,_grantRole
FN:241,_revokeRole
FNF:13
FNH:11
FNDA:187,onlyRole
FNDA:7,supportsInterface
FNDA:960,hasRole
FNDA:187,_checkRole
FNDA:187,_checkRole
FNDA:36,getRoleAdmin
FNDA:30,grantRole
FNDA:4,revokeRole
FNDA:2,renounceRole
FNDA:0,_setupRole
FNDA:0,_setRoleAdmin
FNDA:744,_grantRole
FNDA:6,_revokeRole
DA:70,187
DA:71,172
DA:78,7
DA:85,960
DA:97,187
DA:108,187
DA:109,15
DA:129,36
DA:145,30
DA:160,4
DA:180,2
DA:182,2
DA:206,0
DA:215,0
DA:216,0
DA:217,0
DA:228,744
DA:229,744
DA:230,744
DA:242,6
DA:243,6
DA:244,6
LF:22
LH:18
BRDA:108,1,0,15
BRDA:108,1,1,172
BRDA:180,2,0,2
BRDA:180,2,1,0
BRDA:228,3,0,744
BRDA:228,3,1,0
BRDA:242,4,0,6
BRDA:242,4,1,0
BRF:8
BRH:5
end_of_record
TN:
SF:/home/acer/Desktop/blockchain/nft-projects/krewnime-nft/krewnime-nft-contract/contracts/openzeppelin/access/IAccessControl.sol
FNF:0
FNH:0
LF:0
LH:0
BRF:0
BRH:0
end_of_record
TN:
SF:/home/acer/Desktop/blockchain/nft-projects/krewnime-nft/krewnime-nft-contract/contracts/openzeppelin/access/Ownable.sol
FN:28,constructor
FN:35,onlyOwner
FN:43,owner
FN:50,_checkOwner
FN:61,renounceOwnership
FN:69,transferOwnership
FN:78,_transferOwnership
FNF:7
FNH:5
FNDA:75,constructor
FNDA:26,onlyOwner
FNDA:26,owner
FNDA:26,_checkOwner
FNDA:0,renounceOwnership
FNDA:0,transferOwnership
FNDA:75,_transferOwnership
DA:29,75
DA:36,26
DA:37,21
DA:44,26
DA:51,26
DA:62,0
DA:70,0
DA:71,0
DA:79,75
DA:80,75
DA:81,75
LF:11
LH:8
BRDA:51,1,0,21
BRDA:51,1,1,5
BRDA:70,2,0,0
BRDA:70,2,1,0
BRF:4
BRH:2
end_of_record
TN:
SF:/home/acer/Desktop/blockchain/nft-projects/krewnime-nft/krewnime-nft-contract/contracts/openzeppelin/interfaces/IERC2981.sol
FNF:0
FNH:0
LF:0
LH:0
BRF:0
BRH:0
end_of_record
TN:
SF:/home/acer/Desktop/blockchain/nft-projects/krewnime-nft/krewnime-nft-contract/contracts/openzeppelin/security/Pausable.sol
FN:33,constructor
FN:44,whenNotPaused
FN:56,whenPaused
FN:64,paused
FN:71,_requireNotPaused
FN:78,_requirePaused
FN:89,_pause
FN:101,_unpause
FNF:8
FNH:8
FNDA:432,constructor
FNDA:224,whenNotPaused
FNDA:9,whenPaused
FNDA:247,paused
FNDA:224,_requireNotPaused
FNDA:9,_requirePaused
FNDA:16,_pause
FNDA:8,_unpause
DA:34,432
DA:45,224
DA:46,216
DA:57,9
DA:58,8
DA:65,247
DA:72,224
DA:79,9
DA:90,16
DA:91,16
DA:102,8
DA:103,8
LF:12
LH:12
BRDA:72,1,0,216
BRDA:72,1,1,8
BRDA:79,2,0,8
BRDA:79,2,1,1
BRF:4
BRH:4
end_of_record
TN:
SF:/home/acer/Desktop/blockchain/nft-projects/krewnime-nft/krewnime-nft-contract/contracts/openzeppelin/token/ERC721/ERC721.sol
FN:44,constructor
FN:52,supportsInterface
FN:62,balanceOf
FN:70,ownerOf
FN:79,name
FN:86,symbol
FN:93,tokenURI
FN:105,_baseURI
FN:112,approve
FN:127,getApproved
FN:136,setApprovalForAll
FN:143,isApprovedForAll
FN:150,transferFrom
FN:164,safeTransferFrom
FN:175,safeTransferFrom
FN:203,_safeTransfer
FN:221,_exists
FN:232,_isApprovedOrOwner
FN:247,_safeMint
FN:255,_safeMint
FN:279,_mint
FN:303,_burn
FN:330,_transfer
FN:357,_approve
FN:367,_setApprovalForAll
FN:380,_requireMinted
FN:394,_checkOnERC721Received
FN:432,_beforeTokenTransfer
FN:449,_afterTokenTransfer
FNF:29
FNH:23
FNDA:357,constructor
FNDA:5,supportsInterface
FNDA:524,balanceOf
FNDA:80,ownerOf
FNDA:1,name
FNDA:1,symbol
FNDA:0,tokenURI
FNDA:20,_baseURI
FNDA:9,approve
FNDA:7,getApproved
FNDA:0,setApprovalForAll
FNDA:7,isApprovedForAll
FNDA:11,transferFrom
FNDA:0,safeTransferFrom
FNDA:0,safeTransferFrom
FNDA:0,_safeTransfer
FNDA:326,_exists
FNDA:17,_isApprovedOrOwner
FNDA:151,_safeMint
FNDA:151,_safeMint
FNDA:151,_mint
FNDA:3,_burn
FNDA:9,_transfer
FNDA:15,_approve
FNDA:0,_setApprovalForAll
FNDA:27,_requireMinted
FNDA:150,_checkOnERC721Received
FNDA:160,_beforeTokenTransfer
FNDA:160,_afterTokenTransfer
DA:45,357
DA:46,357
DA:53,5
DA:63,524
DA:64,524
DA:71,80
DA:72,80
DA:73,74
DA:80,1
DA:87,1
DA:94,0
DA:96,0
DA:97,0
DA:106,20
DA:113,9
DA:114,8
DA:116,7
DA:121,6
DA:128,7
DA:130,7
DA:137,0
DA:144,7
DA:156,11
DA:158,9
DA:169,0
DA:181,0
DA:182,0
DA:209,0
DA:210,0
DA:222,326
DA:233,17
DA:234,15
DA:248,151
DA:260,151
DA:261,150
DA:280,151
DA:281,151
DA:283,151
DA:285,150
DA:286,150
DA:288,150
DA:290,150
DA:304,3
DA:306,3
DA:309,3
DA:311,3
DA:312,3
DA:314,3
DA:316,3
DA:335,9
DA:336,8
DA:338,8
DA:341,7
DA:343,7
DA:344,7
DA:345,7
DA:347,7
DA:349,7
DA:358,15
DA:359,15
DA:372,0
DA:373,0
DA:374,0
DA:381,27
DA:400,150
DA:401,3
DA:402,2
DA:404,1
DA:405,0
DA:408,1
DA:414,147
LF:71
LH:58
BRDA:63,1,0,524
BRDA:63,1,1,0
BRDA:72,2,0,74
BRDA:72,2,1,6
BRDA:114,3,0,7
BRDA:114,3,1,1
BRDA:116,4,0,6
BRDA:116,4,1,1
BRDA:156,5,0,9
BRDA:156,5,1,2
BRDA:181,6,0,0
BRDA:181,6,1,0
BRDA:210,7,0,0
BRDA:210,7,1,0
BRDA:261,8,0,148
BRDA:261,8,1,2
BRDA:280,9,0,151
BRDA:280,9,1,0
BRDA:281,10,0,151
BRDA:281,10,1,0
BRDA:335,11,0,8
BRDA:335,11,1,1
BRDA:336,12,0,8
BRDA:336,12,1,0
BRDA:372,13,0,0
BRDA:372,13,1,0
BRDA:381,14,0,27
BRDA:381,14,1,0
BRDA:400,15,0,3
BRDA:400,15,1,147
BRDA:404,16,0,0
BRDA:404,16,1,1
BRF:32
BRH:20
end_of_record
TN:
SF:/home/acer/Desktop/blockchain/nft-projects/krewnime-nft/krewnime-nft-contract/contracts/openzeppelin/token/ERC721/extensions/ERC721Enumerable.sol
FN:30,supportsInterface
FN:37,tokenOfOwnerByIndex
FN:45,totalSupply
FN:52,tokenByIndex
FN:72,_beforeTokenTransfer
FN:96,_addTokenToOwnerEnumeration
FN:106,_addTokenToAllTokensEnumeration
FN:119,_removeTokenFromOwnerEnumeration
FN:144,_removeTokenFromAllTokensEnumeration
FNF:9
FNH:7
FNDA:6,supportsInterface
FNDA:0,tokenOfOwnerByIndex
FNDA:163,totalSupply
FNDA:0,tokenByIndex
FNDA:160,_beforeTokenTransfer
FNDA:157,_addTokenToOwnerEnumeration
FNDA:150,_addTokenToAllTokensEnumeration
FNDA:10,_removeTokenFromOwnerEnumeration
FNDA:3,_removeTokenFromAllTokensEnumeration
DA:31,6
DA:38,0
DA:39,0
DA:46,163
DA:53,0
DA:54,0
DA:77,160
DA:79,160
DA:80,150
DA:82,10
DA:84,160
DA:85,3
DA:87,157
DA:97,157
DA:98,157
DA:99,157
DA:107,150
DA:108,150
DA:123,10
DA:124,10
DA:127,10
DA:128,5
DA:130,5
DA:131,5
DA:135,10
DA:136,10
DA:148,3
DA:149,3
DA:154,3
DA:156,3
DA:157,3
DA:160,3
DA:161,3
LF:33
LH:29
BRDA:38,1,0,0
BRDA:38,1,1,0
BRDA:53,2,0,0
BRDA:53,2,1,0
BRDA:79,3,0,150
BRDA:79,3,1,10
BRDA:81,4,0,10
BRDA:81,4,1,0
BRDA:84,5,0,3
BRDA:84,5,1,157
BRDA:86,6,0,157
BRDA:86,6,1,0
BRDA:127,7,0,5
BRDA:127,7,1,5
BRF:14
BRH:8
end_of_record
TN:
SF:/home/acer/Desktop/blockchain/nft-projects/krewnime-nft/krewnime-nft-contract/contracts/openzeppelin/token/ERC721/extensions/ERC721URIStorage.sol
FN:20,tokenURI
FN:45,_setTokenURI
FN:55,_burn
FNF:3
FNH:3
FNDA:20,tokenURI
FNDA:148,_setTokenURI
FNDA:3,_burn
DA:21,20
DA:23,20
DA:24,20
DA:27,20
DA:28,20
DA:31,0
DA:32,0
DA:35,0
DA:46,148
DA:47,148
DA:56,3
DA:58,3
DA:59,3
LF:13
LH:10
BRDA:27,1,0,20
BRDA:27,1,1,0
BRDA:31,2,0,0
BRDA:31,2,1,0
BRDA:46,3,0,148
BRDA:46,3,1,0
BRDA:58,4,0,3
BRDA:58,4,1,0
BRF:8
BRH:3
end_of_record
TN:
SF:/home/acer/Desktop/blockchain/nft-projects/krewnime-nft/krewnime-nft-contract/contracts/openzeppelin/token/ERC721/extensions/IERC721Enumerable.sol
FNF:0
FNH:0
LF:0
LH:0
BRF:0
BRH:0
end_of_record
TN:
SF:/home/acer/Desktop/blockchain/nft-projects/krewnime-nft/krewnime-nft-contract/contracts/openzeppelin/token/ERC721/extensions/IERC721Metadata.sol
FNF:0
FNH:0
LF:0
LH:0
BRF:0
BRH:0
end_of_record
TN:
SF:/home/acer/Desktop/blockchain/nft-projects/krewnime-nft/krewnime-nft-contract/contracts/openzeppelin/token/ERC721/IERC721.sol
FNF:0
FNH:0
LF:0
LH:0
BRF:0
BRH:0
end_of_record
TN:
SF:/home/acer/Desktop/blockchain/nft-projects/krewnime-nft/krewnime-nft-contract/contracts/openzeppelin/token/ERC721/IERC721Receiver.sol
FNF:0
FNH:0
LF:0
LH:0
BRF:0
BRH:0
end_of_record
TN:
SF:/home/acer/Desktop/blockchain/nft-projects/krewnime-nft/krewnime-nft-contract/contracts/openzeppelin/token/ERC721/utils/ERC721Holder.sol
FN:20,onERC721Received
FNF:1
FNH:0
FNDA:0,onERC721Received
DA:26,0
LF:1
LH:0
BRF:0
BRH:0
end_of_record
TN:
SF:/home/acer/Desktop/blockchain/nft-projects/krewnime-nft/krewnime-nft-contract/contracts/openzeppelin/utils/Address.sol
FN:36,isContract
FN:60,sendValue
FN:85,functionCall
FN:95,functionCall
FN:114,functionCallWithValue
FN:128,functionCallWithValue
FN:147,functionStaticCall
FN:157,functionStaticCall
FN:174,functionDelegateCall
FN:184,functionDelegateCall
FN:201,verifyCallResult
FNF:11
FNH:1
FNDA:150,isContract
FNDA:0,sendValue
FNDA:0,functionCall
FNDA:0,functionCall
FNDA:0,functionCallWithValue
FNDA:0,functionCallWithValue
FNDA:0,functionStaticCall
FNDA:0,functionStaticCall
FNDA:0,functionDelegateCall
FNDA:0,functionDelegateCall
FNDA:0,verifyCallResult
DA:41,150
DA:61,0
DA:63,0
DA:64,0
DA:86,0
DA:100,0
DA:119,0
DA:134,0
DA:135,0
DA:137,0
DA:138,0
DA:148,0
DA:162,0
DA:164,0
DA:165,0
DA:175,0
DA:189,0
DA:191,0
DA:192,0
DA:206,0
DA:207,0
DA:210,0
DA:213,0
DA:218,0
LF:24
LH:1
BRDA:61,1,0,0
BRDA:61,1,1,0
BRDA:64,2,0,0
BRDA:64,2,1,0
BRDA:134,3,0,0
BRDA:134,3,1,0
BRDA:135,4,0,0
BRDA:135,4,1,0
BRDA:162,5,0,0
BRDA:162,5,1,0
BRDA:189,6,0,0
BRDA:189,6,1,0
BRDA:206,7,0,0
BRDA:206,7,1,0
BRDA:210,8,0,0
BRDA:210,8,1,0
BRF:16
BRH:0
end_of_record
TN:
SF:/home/acer/Desktop/blockchain/nft-projects/krewnime-nft/krewnime-nft-contract/contracts/openzeppelin/utils/Context.sol
FN:17,_msgSender
FN:21,_msgData
FNF:2
FNH:1
FNDA:1125,_msgSender
FNDA:0,_msgData
DA:18,1125
DA:22,0
LF:2
LH:1
BRF:0
BRH:0
end_of_record
TN:
SF:/home/acer/Desktop/blockchain/nft-projects/krewnime-nft/krewnime-nft-contract/contracts/openzeppelin/utils/Counters.sol
FN:22,current
FN:26,increment
FN:32,decrement
FN:40,reset
FNF:4
FNH:0
FNDA:0,current
FNDA:0,increment
FNDA:0,decrement
FNDA:0,reset
DA:23,0
DA:27,0
DA:28,0
DA:33,0
DA:34,0
DA:35,0
DA:36,0
DA:41,0
LF:8
LH:0
BRDA:34,1,0,0
BRDA:34,1,1,0
BRF:2
BRH:0
end_of_record
TN:
SF:/home/acer/Desktop/blockchain/nft-projects/krewnime-nft/krewnime-nft-contract/contracts/openzeppelin/utils/introspection/ERC165.sol
FN:26,supportsInterface
FNF:1
FNH:1
FNDA:4,supportsInterface
DA:27,4
LF:1
LH:1
BRF:0
BRH:0
end_of_record
TN:
SF:/home/acer/Desktop/blockchain/nft-projects/krewnime-nft/krewnime-nft-contract/contracts/openzeppelin/utils/introspection/IERC165.sol
FNF:0
FNH:0
LF:0
LH:0
BRF:0
BRH:0
end_of_record
TN:
SF:/home/acer/Desktop/blockchain/nft-projects/krewnime-nft/krewnime-nft-contract/contracts/openzeppelin/utils/Strings.sol
FN:16,toString
FN:41,toHexString
FN:57,toHexString
FN:72,toHexString
FNF:4
FNH:2
FNDA:148,toString
FNDA:0,toHexString
FNDA:30,toHexString
FNDA:0,toHexString
DA:20,148
DA:21,0
DA:23,148
DA:24,148
DA:25,148
DA:26,148
DA:27,148
DA:29,148
DA:30,148
DA:31,148
DA:32,148
DA:33,148
DA:35,148
DA:42,0
DA:43,0
DA:45,0
DA:46,0
DA:47,0
DA:48,0
DA:49,0
DA:51,0
DA:58,30
DA:59,30
DA:60,30
DA:61,30
DA:62,1560
DA:63,1560
DA:65,30
DA:66,30
DA:73,0
LF:30
LH:20
BRDA:20,1,0,0
BRDA:20,1,1,148
BRDA:42,2,0,0
BRDA:42,2,1,0
BRDA:65,3,0,30
BRDA:65,3,1,0
BRF:6
BRH:2
end_of_record
TN:
SF:/home/acer/Desktop/blockchain/nft-projects/krewnime-nft/krewnime-nft-contract/contracts/TestERC721Receiver.sol
FN:39,setBehavior
FN:46,onERC721Received
FNF:2
FNH:2
FNDA:3,setBehavior
FNDA:3,onERC721Received
DA:40,3
DA:51,3
DA:53,3
DA:55,3
DA:56,1
DA:59,1
DA:62,1
LF:7
LH:7
BRDA:55,1,0,1
BRDA:55,1,1,2
BRDA:58,2,0,1
BRDA:58,2,1,1
BRF:4
BRH:4
end_of_record
TN:
SF:/home/acer/Desktop/blockchain/nft-projects/krewnime-nft/krewnime-nft-contract/contracts/TokenMintStore.sol
FN:72,constructor
FN:82,setMintPrice
FN:89,pause
FN:96,unpause
FN:106,setSpecialPrice
FN:115,clearSpecialPrice
FN:125,mintNext
FN:143,multiMint
FN:159,withdrawAll
FN:174,getMintPrice
FNF:10
FNH:10
FNDA:75,constructor
FNDA:1,setMintPrice
FNDA:6,pause
FNDA:4,unpause
FNDA:4,setSpecialPrice
FNDA:2,clearSpecialPrice
FNDA:11,mintNext
FNDA:8,multiMint
FNDA:3,withdrawAll
FNDA:18,getMintPrice
DA:73,75
DA:74,75
DA:83,1
DA:90,6
DA:97,4
DA:107,4
DA:116,2
DA:126,11
DA:127,11
DA:129,8
DA:131,6
DA:133,6
DA:144,8
DA:146,8
DA:147,7
DA:149,6
DA:151,6
DA:160,3
DA:161,3
DA:163,3
DA:164,3
DA:175,18
DA:176,18
DA:177,15
DA:179,0
LF:25
LH:24
BRDA:126,1,0,11
BRDA:126,1,1,0
BRDA:127,2,0,8
BRDA:127,2,1,3
BRDA:144,3,0,8
BRDA:144,3,1,0
BRDA:147,4,0,6
BRDA:147,4,1,1
BRDA:176,5,0,15
BRDA:176,5,1,3
BRDA:178,6,0,0
BRDA:178,6,1,3
BRF:12
BRH:9
end_of_record
